<?xml version="1.0" encoding="UTF-8" standalone="no"?><testsuite errors="3" failures="0" name="Product Listing and Cart Interaction" skipped="0" tests="3" time="0.05" timestamp="2025-12-11 03:15:10"><testcase name="Products are displayed correctly when sorted by price (Low to High)"><error type="java.lang.NullPointerException"/><system-err>null&#13;
com.google.common.base.Preconditions.checkNotNull(Preconditions.java:889)&#13;
pruebas.stepdefinitions.PurchaseStepDefinitions.userLoggedIn(PurchaseStepDefinitions.java:48)&#13;
✽.the user is logged in with username "standard_user" and password "secret_sauce"(file:///C:/Users/tefa1/OneDrive/Documentos/SauceDemoQAAutomation/src/test/resources/features/productListing.feature:7)&#13;
</system-err></testcase><testcase name="Removing a product from the cart via the product page"><error type="java.lang.NullPointerException"/><system-err>null&#13;
com.google.common.base.Preconditions.checkNotNull(Preconditions.java:889)&#13;
pruebas.stepdefinitions.PurchaseStepDefinitions.userLoggedIn(PurchaseStepDefinitions.java:48)&#13;
✽.the user is logged in with username "standard_user" and password "secret_sauce"(file:///C:/Users/tefa1/OneDrive/Documentos/SauceDemoQAAutomation/src/test/resources/features/productListing.feature:7)&#13;
</system-err></testcase><testcase name="Removing multiple products from the cart page"><error type="java.lang.NullPointerException"/><system-err>null&#13;
com.google.common.base.Preconditions.checkNotNull(Preconditions.java:889)&#13;
pruebas.stepdefinitions.PurchaseStepDefinitions.userLoggedIn(PurchaseStepDefinitions.java:48)&#13;
✽.the user is logged in with username "standard_user" and password "secret_sauce"(file:///C:/Users/tefa1/OneDrive/Documentos/SauceDemoQAAutomation/src/test/resources/features/productListing.feature:7)&#13;
</system-err></testcase></testsuite>